<?xml version="1.0" encoding="UTF-8"?>
<testng-results ignored="0" total="1" passed="1" failed="0" skipped="0">
  <reporter-output>
  </reporter-output>
  <suite started-at="2024-08-08T10:54:53 IST" name="Default suite" finished-at="2024-08-08T10:55:19 IST" duration-ms="25484">
    <groups>
    </groups>
    <test started-at="2024-08-08T10:54:53 IST" name="Default test" finished-at="2024-08-08T10:55:19 IST" duration-ms="25484">
      <class name="com.amazon.scenario2.Removetheelementfromcart">
        <test-method is-config="true" signature="configBs()[pri:0, instance:com.amazon.scenario2.Removetheelementfromcart@385c9627]" started-at="2024-08-08T10:54:53 IST" name="configBs" finished-at="2024-08-08T10:54:53 IST" duration-ms="605" status="PASS">
          <reporter-output>
          </reporter-output>
        </test-method> <!-- configBs -->
        <test-method is-config="true" signature="configBC()[pri:0, instance:com.amazon.scenario2.Removetheelementfromcart@385c9627]" started-at="2024-08-08T10:54:54 IST" name="configBC" finished-at="2024-08-08T10:55:00 IST" duration-ms="6251" status="PASS">
          <reporter-output>
          </reporter-output>
        </test-method> <!-- configBC -->
        <test-method is-config="true" signature="configBM()[pri:0, instance:com.amazon.scenario2.Removetheelementfromcart@385c9627]" started-at="2024-08-08T10:55:00 IST" name="configBM" finished-at="2024-08-08T10:55:19 IST" duration-ms="19073" status="PASS">
          <reporter-output>
          </reporter-output>
        </test-method> <!-- configBM -->
        <test-method signature="removetheelement()[pri:0, instance:com.amazon.scenario2.Removetheelementfromcart@385c9627]" started-at="2024-08-08T10:55:19 IST" name="removetheelement" finished-at="2024-08-08T10:55:19 IST" duration-ms="31" status="PASS">
          <reporter-output>
          </reporter-output>
        </test-method> <!-- removetheelement -->
        <test-method is-config="true" signature="configAM()[pri:0, instance:com.amazon.scenario2.Removetheelementfromcart@385c9627]" started-at="2024-08-08T10:55:19 IST" name="configAM" finished-at="2024-08-08T10:55:19 IST" duration-ms="7" status="PASS">
          <reporter-output>
          </reporter-output>
        </test-method> <!-- configAM -->
        <test-method is-config="true" signature="configAC()[pri:0, instance:com.amazon.scenario2.Removetheelementfromcart@385c9627]" started-at="2024-08-08T10:55:19 IST" name="configAC" finished-at="2024-08-08T10:55:19 IST" duration-ms="5" status="PASS">
          <reporter-output>
          </reporter-output>
        </test-method> <!-- configAC -->
        <test-method is-config="true" signature="configAs()[pri:0, instance:com.amazon.scenario2.Removetheelementfromcart@385c9627]" started-at="2024-08-08T10:55:19 IST" name="configAs" finished-at="2024-08-08T10:55:20 IST" duration-ms="115" status="PASS">
          <reporter-output>
          </reporter-output>
        </test-method> <!-- configAs -->
      </class> <!-- com.amazon.scenario2.Removetheelementfromcart -->
    </test> <!-- Default test -->
  </suite> <!-- Default suite -->
</testng-results>
